[0m19:10:12.681395 [debug] [MainThread]: Sending event: {'category': 'dbt', 'action': 'invocation', 'label': 'start', 'context': [<snowplow_tracker.self_describing_json.SelfDescribingJson object at 0x000002108B211C10>, <snowplow_tracker.self_describing_json.SelfDescribingJson object at 0x000002108D154400>, <snowplow_tracker.self_describing_json.SelfDescribingJson object at 0x000002108D154430>]}


============================== 19:10:12.681395 | 4d2cce53-3abc-4d94-afa8-d83a6fbe2355 ==============================
[0m19:10:12.681395 [info ] [MainThread]: Running with dbt=1.5.3
[0m19:10:12.681395 [debug] [MainThread]: running dbt with arguments {'printer_width': '80', 'indirect_selection': 'eager', 'write_json': 'True', 'log_cache_events': 'False', 'partial_parse': 'True', 'cache_selected_only': 'False', 'warn_error': 'None', 'debug': 'False', 'fail_fast': 'False', 'log_path': 'logs', 'profiles_dir': 'C:\\Users\\MASTAN BANDI\\.dbt', 'version_check': 'True', 'use_colors': 'True', 'use_experimental_parser': 'False', 'no_print': 'None', 'quiet': 'False', 'warn_error_options': 'WarnErrorOptions(include=[], exclude=[])', 'static_parser': 'True', 'log_format': 'default', 'introspect': 'True', 'target_path': 'None', 'send_anonymous_usage_stats': 'True'}
[0m19:10:59.061413 [debug] [MainThread]: Starter project path: c:\users\mastan bandi\appdata\local\programs\python\python39\lib\site-packages\dbt\include\starter_project
[0m19:15:28.362511 [info ] [MainThread]: Profile git_user written to C:\Users\MASTAN BANDI\.dbt\profiles.yml using target's profile_template.yml and your supplied values. Run 'dbt debug' to validate the connection.
[0m19:15:28.362511 [info ] [MainThread]: 
Your new dbt project "git_user" was created!

For more information on how to configure the profiles.yml file,
please consult the dbt documentation here:

  https://docs.getdbt.com/docs/configure-your-profile

One more thing:

Need help? Don't hesitate to reach out to us via GitHub issues or on Slack:

  https://community.getdbt.com/

Happy modeling!

[0m19:15:28.362511 [debug] [MainThread]: Command `dbt init` succeeded at 19:15:28.362511 after 315.70 seconds
[0m19:15:28.362511 [debug] [MainThread]: Sending event: {'category': 'dbt', 'action': 'invocation', 'label': 'end', 'context': [<snowplow_tracker.self_describing_json.SelfDescribingJson object at 0x000002108B211C10>, <snowplow_tracker.self_describing_json.SelfDescribingJson object at 0x000002108E0A3910>, <snowplow_tracker.self_describing_json.SelfDescribingJson object at 0x000002108E0A3610>]}
[0m19:15:28.362511 [debug] [MainThread]: Flushing usage events
[0m22:28:47.789858 [debug] [MainThread]: Sending event: {'category': 'dbt', 'action': 'invocation', 'label': 'start', 'context': [<snowplow_tracker.self_describing_json.SelfDescribingJson object at 0x000001305FBD7970>, <snowplow_tracker.self_describing_json.SelfDescribingJson object at 0x0000013061B15370>, <snowplow_tracker.self_describing_json.SelfDescribingJson object at 0x0000013061B153A0>]}


============================== 22:28:47.789858 | 599c2876-a73d-4bb5-a224-bb5d8092fc85 ==============================
[0m22:28:47.789858 [info ] [MainThread]: Running with dbt=1.5.3
[0m22:28:47.789858 [debug] [MainThread]: running dbt with arguments {'printer_width': '80', 'indirect_selection': 'eager', 'write_json': 'True', 'log_cache_events': 'False', 'partial_parse': 'True', 'cache_selected_only': 'False', 'profiles_dir': 'C:\\Users\\MASTAN BANDI\\.dbt', 'debug': 'False', 'version_check': 'True', 'log_path': 'logs', 'fail_fast': 'False', 'warn_error': 'None', 'use_colors': 'True', 'use_experimental_parser': 'False', 'no_print': 'None', 'quiet': 'False', 'warn_error_options': 'WarnErrorOptions(include=[], exclude=[])', 'static_parser': 'True', 'log_format': 'default', 'introspect': 'True', 'target_path': 'None', 'send_anonymous_usage_stats': 'True'}
[0m22:29:14.422747 [debug] [MainThread]: Starter project path: c:\users\mastan bandi\appdata\local\programs\python\python39\lib\site-packages\dbt\include\starter_project
[0m22:31:11.211860 [info ] [MainThread]: Profile git_user2 written to C:\Users\MASTAN BANDI\.dbt\profiles.yml using target's profile_template.yml and your supplied values. Run 'dbt debug' to validate the connection.
[0m22:31:11.211860 [info ] [MainThread]: 
Your new dbt project "git_user2" was created!

For more information on how to configure the profiles.yml file,
please consult the dbt documentation here:

  https://docs.getdbt.com/docs/configure-your-profile

One more thing:

Need help? Don't hesitate to reach out to us via GitHub issues or on Slack:

  https://community.getdbt.com/

Happy modeling!

[0m22:31:11.211860 [debug] [MainThread]: Command `dbt init` succeeded at 22:31:11.211860 after 143.45 seconds
[0m22:31:11.211860 [debug] [MainThread]: Sending event: {'category': 'dbt', 'action': 'invocation', 'label': 'end', 'context': [<snowplow_tracker.self_describing_json.SelfDescribingJson object at 0x000001305FBD7970>, <snowplow_tracker.self_describing_json.SelfDescribingJson object at 0x000001305FF5CE80>, <snowplow_tracker.self_describing_json.SelfDescribingJson object at 0x000001305FED3DC0>]}
[0m22:31:11.226879 [debug] [MainThread]: Flushing usage events
[0m22:31:11.244939 [debug] [MainThread]: Error sending anonymous usage statistics. Disabling tracking for this execution. If you wish to permanently disable tracking, see: https://docs.getdbt.com/reference/global-configs#send-anonymous-usage-stats.
[0m22:33:29.172852 [debug] [MainThread]: Sending event: {'category': 'dbt', 'action': 'invocation', 'label': 'start', 'context': [<snowplow_tracker.self_describing_json.SelfDescribingJson object at 0x0000025F5EF60D30>, <snowplow_tracker.self_describing_json.SelfDescribingJson object at 0x0000025F60EA3430>, <snowplow_tracker.self_describing_json.SelfDescribingJson object at 0x0000025F60EA3460>]}


============================== 22:33:29.172852 | 5014ec25-c63b-4011-9da2-6d50cbf45994 ==============================
[0m22:33:29.172852 [info ] [MainThread]: Running with dbt=1.5.3
[0m22:33:29.172852 [debug] [MainThread]: running dbt with arguments {'printer_width': '80', 'indirect_selection': 'eager', 'write_json': 'True', 'log_cache_events': 'False', 'partial_parse': 'True', 'cache_selected_only': 'False', 'warn_error': 'None', 'debug': 'False', 'profiles_dir': 'C:\\Users\\MASTAN BANDI\\.dbt', 'log_path': 'logs', 'version_check': 'True', 'fail_fast': 'False', 'use_colors': 'True', 'use_experimental_parser': 'False', 'no_print': 'None', 'quiet': 'False', 'log_format': 'default', 'introspect': 'True', 'warn_error_options': 'WarnErrorOptions(include=[], exclude=[])', 'static_parser': 'True', 'target_path': 'None', 'send_anonymous_usage_stats': 'True'}
[0m22:33:29.179169 [info ] [MainThread]: dbt version: 1.5.3
[0m22:33:29.179169 [info ] [MainThread]: python version: 3.9.4
[0m22:33:29.181236 [info ] [MainThread]: python path: c:\users\mastan bandi\appdata\local\programs\python\python39\python.exe
[0m22:33:29.181236 [info ] [MainThread]: os info: Windows-10-10.0.22621-SP0
[0m22:33:29.181236 [info ] [MainThread]: Using profiles.yml file at C:\Users\MASTAN BANDI\.dbt\profiles.yml
[0m22:33:29.181236 [info ] [MainThread]: Using dbt_project.yml file at C:\Users\MASTAN BANDI\Documents\git-user\dbt_project.yml
[0m22:33:29.181236 [info ] [MainThread]: Configuration:
[0m22:33:29.628323 [info ] [MainThread]:   profiles.yml file [[32mOK found and valid[0m]
[0m22:33:29.628323 [info ] [MainThread]:   dbt_project.yml file [[31mERROR not found[0m]
[0m22:33:29.634961 [info ] [MainThread]: Required dependencies:
[0m22:33:29.634961 [debug] [MainThread]: Executing "git --help"
[0m22:33:29.677422 [debug] [MainThread]: STDOUT: "b"usage: git [-v | --version] [-h | --help] [-C <path>] [-c <name>=<value>]\n           [--exec-path[=<path>]] [--html-path] [--man-path] [--info-path]\n           [-p | --paginate | -P | --no-pager] [--no-replace-objects] [--bare]\n           [--git-dir=<path>] [--work-tree=<path>] [--namespace=<name>]\n           [--config-env=<name>=<envvar>] <command> [<args>]\n\nThese are common Git commands used in various situations:\n\nstart a working area (see also: git help tutorial)\n   clone     Clone a repository into a new directory\n   init      Create an empty Git repository or reinitialize an existing one\n\nwork on the current change (see also: git help everyday)\n   add       Add file contents to the index\n   mv        Move or rename a file, a directory, or a symlink\n   restore   Restore working tree files\n   rm        Remove files from the working tree and from the index\n\nexamine the history and state (see also: git help revisions)\n   bisect    Use binary search to find the commit that introduced a bug\n   diff      Show changes between commits, commit and working tree, etc\n   grep      Print lines matching a pattern\n   log       Show commit logs\n   show      Show various types of objects\n   status    Show the working tree status\n\ngrow, mark and tweak your common history\n   branch    List, create, or delete branches\n   commit    Record changes to the repository\n   merge     Join two or more development histories together\n   rebase    Reapply commits on top of another base tip\n   reset     Reset current HEAD to the specified state\n   switch    Switch branches\n   tag       Create, list, delete or verify a tag object signed with GPG\n\ncollaborate (see also: git help workflows)\n   fetch     Download objects and refs from another repository\n   pull      Fetch from and integrate with another repository or a local branch\n   push      Update remote refs along with associated objects\n\n'git help -a' and 'git help -g' list available subcommands and some\nconcept guides. See 'git help <command>' or 'git help <concept>'\nto read about a specific subcommand or concept.\nSee 'git help git' for an overview of the system.\n""
[0m22:33:29.677422 [debug] [MainThread]: STDERR: "b''"
[0m22:33:29.677422 [info ] [MainThread]:  - git [[32mOK found[0m]

[0m22:33:29.677422 [info ] [MainThread]: [31m1 check failed:[0m
[0m22:33:29.677422 [info ] [MainThread]: Could not load dbt_project.yml

[0m22:33:29.685437 [debug] [MainThread]: Command `dbt debug` failed at 22:33:29.685437 after 0.52 seconds
[0m22:33:29.685437 [debug] [MainThread]: Sending event: {'category': 'dbt', 'action': 'invocation', 'label': 'end', 'context': [<snowplow_tracker.self_describing_json.SelfDescribingJson object at 0x0000025F5EF60D30>, <snowplow_tracker.self_describing_json.SelfDescribingJson object at 0x0000025F61E112E0>, <snowplow_tracker.self_describing_json.SelfDescribingJson object at 0x0000025F61E45880>]}
[0m22:33:29.685437 [debug] [MainThread]: Flushing usage events
[0m22:33:29.693444 [debug] [MainThread]: Error sending anonymous usage statistics. Disabling tracking for this execution. If you wish to permanently disable tracking, see: https://docs.getdbt.com/reference/global-configs#send-anonymous-usage-stats.
